<?xml version="1.0" encoding="UTF-8"?>
<!-- Generated by org.testng.reporters.JUnitReportReporter -->
<testsuite hostname="DESKTOP-IQA6L6F" failures="0" tests="1" name="demo.GroupsDemo" time="0.051" errors="0" timestamp="2022-03-07T21:42:01 EST" skipped="0">
  <testcase classname="demo.GroupsDemo" name="test4" time="0.051"/>
  <system-out/>
</testsuite> <!-- demo.GroupsDemo -->
